2024-07-25T15:17:06+00:00 DEBUG POST: https://ads.tiktok.com/marketing_api/api/developer/app/create_auto_approve/

{"business_platform":"PROD","smb_id":"tt4b_woocommerce_66a26c722cdc4httplocalhost10010wp-admin","smb_name":"PROD","redirect_url":"http:\/\/localhost:10010\/wp-admin\/"}
 ajax: no
2024-07-25T15:17:06+00:00 DEBUG Tt4b_Mapi_Class::create_open_source_app: Response: 

HTTP/1.1 200 OK
Content-Type: application/json
X-Tt-Logid: 2024072515170489113A21C5D836112906,2024072515170489113A21C5D836112906
Strict-Transport-Security: max-age=31536000; includeSubDomains
x-tt-trace-host: 01fa417f8f0985bef857102f9e111b36e0745ff4c596a456c3eac076a58807e6939a1921c9d0c6851f95d80a2adc5e362da42d221236fe0374d8642ca113700068c54a769940ef52086e1daf2e8b7273000b46d243255b3bec2c748df786f8f6d3fbfcc15094c571232d1344740941faa2
x-tt-trace-id: 00-24072515170489113A21C5D836112906-58E0D3CF61075F76-00
Server: TLB
Content-Encoding: gzip
Content-Length: 201
X-Origin-Response-Time: 70,23.54.117.200
X-Akamai-Request-ID: 1dc98f09.79183b0
Date: Thu, 25 Jul 2024 15:17:05 GMT
X-Cache: TCP_MISS from a23-77-196-158.deploy.akamaitechnologies.com (AkamaiGHost/11.5.4-57255204) (-)
Connection: close
Vary: Accept-Encoding
X-Cache-Remote: TCP_MISS from a23-54-117-200.deploy.akamaitechnologies.com (AkamaiGHost/11.6.0-57528057) (-)
x-tt-trace-tag: id=16;cdn-cache=miss;type=dyn
Server-Timing: cdn-cache; desc=MISS, edge; dur=160, origin; dur=70
Server-Timing: inner; dur=65
X-Parent-Response-Time: 226,23.77.196.158

{"code":0,"msg":"ok","data":{"app_id":"7395592771966337042","app_secret":"c799c4fa457d2e5dd1006efc79a82a1d32c10798","external_data_key":"7db59eb5-ac64-40bc-9e01-4f5572032627","redirect_uri":"http:\/\/localhost:10010\/wp-admin\/"}}

2024-07-25T15:43:34+00:00 DEBUG Tt4b_Pixel_Class::inject_view_content_event: hit ViewContent
2024-07-25T15:43:34+00:00 DEBUG Tt4b_Pixel_Class::inject_view_content_event: Missing option "access_token"
